2021-08-29 18:03:44,711 - Velocimacro : allowInlineLocal = false : VMs defined inline will be  global in scope if allowed.
2021-08-29 18:03:44,711 - Velocimacro : messages on  : VM system will output logging messages
2021-08-29 18:03:44,711 - Velocimacro : autoload off  : VM system will not automatically reload global library macros
2021-08-29 18:03:44,711 - Velocimacro : initialization complete.
2021-08-29 18:03:44,711 - Velocity successfully started.
2021-08-29 18:07:40,339 - SimpleLog4JLogSystem initialized using logfile 'velocity.log'
2021-08-29 18:07:40,340 - ************************************************************** 
2021-08-29 18:07:40,340 - Starting Jakarta Velocity v1.4
2021-08-29 18:07:40,340 - RuntimeInstance initializing.
2021-08-29 18:07:40,342 - Default Properties File: org\apache\velocity\runtime\defaults\velocity.properties
2021-08-29 18:07:40,342 - Trying to use logger class org.apache.velocity.runtime.log.SimpleLog4JLogSystem
2021-08-29 18:07:40,342 - Using logger class org.apache.velocity.runtime.log.SimpleLog4JLogSystem
2021-08-29 18:07:40,344 - Default ResourceManager initializing. (class org.apache.velocity.runtime.resource.ResourceManagerImpl)
2021-08-29 18:07:40,345 - Resource Loader Instantiated: org.apache.velocity.runtime.resource.loader.ClasspathResourceLoader
2021-08-29 18:07:40,345 - ClasspathResourceLoader : initialization starting.
2021-08-29 18:07:40,345 - ClasspathResourceLoader : initialization complete.
2021-08-29 18:07:40,346 - ResourceCache : initialized. (class org.apache.velocity.runtime.resource.ResourceCacheImpl)
2021-08-29 18:07:40,346 - Default ResourceManager initialization complete.
2021-08-29 18:07:40,347 - Loaded System Directive: org.apache.velocity.runtime.directive.Literal
2021-08-29 18:07:40,348 - Loaded System Directive: org.apache.velocity.runtime.directive.Macro
2021-08-29 18:07:40,350 - Loaded System Directive: org.apache.velocity.runtime.directive.Parse
2021-08-29 18:07:40,351 - Loaded System Directive: org.apache.velocity.runtime.directive.Include
2021-08-29 18:07:40,351 - Loaded System Directive: org.apache.velocity.runtime.directive.Foreach
2021-08-29 18:07:40,366 - Created: 20 parsers.
2021-08-29 18:07:40,370 - Velocimacro : initialization starting.
2021-08-29 18:07:40,370 - Velocimacro : adding VMs from VM library template : VM_global_library.vm
2021-08-29 18:07:40,372 - ResourceManager : unable to find resource 'VM_global_library.vm' in any resource loader.
2021-08-29 18:07:40,372 - Velocimacro : error using  VM library template VM_global_library.vm : org.apache.velocity.exception.ResourceNotFoundException: Unable to find resource 'VM_global_library.vm'
2021-08-29 18:07:40,372 - Velocimacro :  VM library template macro registration complete.
2021-08-29 18:07:40,373 - Velocimacro : allowInline = true : VMs can be defined inline in templates
2021-08-29 18:07:40,373 - Velocimacro : allowInlineToOverride = false : VMs defined inline may NOT replace previous VM definitions
2021-08-29 18:07:40,373 - Velocimacro : allowInlineLocal = false : VMs defined inline will be  global in scope if allowed.
2021-08-29 18:07:40,373 - Velocimacro : messages on  : VM system will output logging messages
2021-08-29 18:07:40,373 - Velocimacro : autoload off  : VM system will not automatically reload global library macros
2021-08-29 18:07:40,373 - Velocimacro : initialization complete.
2021-08-29 18:07:40,373 - Velocity successfully started.
2021-08-29 18:09:38,236 - SimpleLog4JLogSystem initialized using logfile 'velocity.log'
2021-08-29 18:09:38,236 - ************************************************************** 
2021-08-29 18:09:38,236 - Starting Jakarta Velocity v1.4
2021-08-29 18:09:38,237 - RuntimeInstance initializing.
2021-08-29 18:09:38,237 - Default Properties File: org\apache\velocity\runtime\defaults\velocity.properties
2021-08-29 18:09:38,237 - Trying to use logger class org.apache.velocity.runtime.log.SimpleLog4JLogSystem
2021-08-29 18:09:38,237 - Using logger class org.apache.velocity.runtime.log.SimpleLog4JLogSystem
2021-08-29 18:09:38,238 - Default ResourceManager initializing. (class org.apache.velocity.runtime.resource.ResourceManagerImpl)
2021-08-29 18:09:38,240 - Resource Loader Instantiated: org.apache.velocity.runtime.resource.loader.ClasspathResourceLoader
2021-08-29 18:09:38,240 - ClasspathResourceLoader : initialization starting.
2021-08-29 18:09:38,240 - ClasspathResourceLoader : initialization complete.
2021-08-29 18:09:38,241 - ResourceCache : initialized. (class org.apache.velocity.runtime.resource.ResourceCacheImpl)
2021-08-29 18:09:38,241 - Default ResourceManager initialization complete.
2021-08-29 18:09:38,242 - Loaded System Directive: org.apache.velocity.runtime.directive.Literal
2021-08-29 18:09:38,243 - Loaded System Directive: org.apache.velocity.runtime.directive.Macro
2021-08-29 18:09:38,244 - Loaded System Directive: org.apache.velocity.runtime.directive.Parse
2021-08-29 18:09:38,245 - Loaded System Directive: org.apache.velocity.runtime.directive.Include
2021-08-29 18:09:38,246 - Loaded System Directive: org.apache.velocity.runtime.directive.Foreach
2021-08-29 18:09:38,261 - Created: 20 parsers.
2021-08-29 18:09:38,265 - Velocimacro : initialization starting.
2021-08-29 18:09:38,265 - Velocimacro : adding VMs from VM library template : VM_global_library.vm
2021-08-29 18:09:38,267 - ResourceManager : unable to find resource 'VM_global_library.vm' in any resource loader.
2021-08-29 18:09:38,267 - Velocimacro : error using  VM library template VM_global_library.vm : org.apache.velocity.exception.ResourceNotFoundException: Unable to find resource 'VM_global_library.vm'
2021-08-29 18:09:38,267 - Velocimacro :  VM library template macro registration complete.
2021-08-29 18:09:38,267 - Velocimacro : allowInline = true : VMs can be defined inline in templates
2021-08-29 18:09:38,267 - Velocimacro : allowInlineToOverride = false : VMs defined inline may NOT replace previous VM definitions
2021-08-29 18:09:38,267 - Velocimacro : allowInlineLocal = false : VMs defined inline will be  global in scope if allowed.
2021-08-29 18:09:38,268 - Velocimacro : messages on  : VM system will output logging messages
2021-08-29 18:09:38,268 - Velocimacro : autoload off  : VM system will not automatically reload global library macros
2021-08-29 18:09:38,268 - Velocimacro : initialization complete.
2021-08-29 18:09:38,268 - Velocity successfully started.
2021-09-01 10:32:45,394 - SimpleLog4JLogSystem initialized using logfile 'velocity.log'
2021-09-01 10:32:45,394 - ************************************************************** 
2021-09-01 10:32:45,394 - Starting Jakarta Velocity v1.4
2021-09-01 10:32:45,394 - RuntimeInstance initializing.
2021-09-01 10:32:45,394 - Default Properties File: org\apache\velocity\runtime\defaults\velocity.properties
2021-09-01 10:32:45,394 - Trying to use logger class org.apache.velocity.runtime.log.SimpleLog4JLogSystem
2021-09-01 10:32:45,394 - Using logger class org.apache.velocity.runtime.log.SimpleLog4JLogSystem
2021-09-01 10:32:45,396 - Default ResourceManager initializing. (class org.apache.velocity.runtime.resource.ResourceManagerImpl)
2021-09-01 10:32:45,399 - Resource Loader Instantiated: org.apache.velocity.runtime.resource.loader.ClasspathResourceLoader
2021-09-01 10:32:45,399 - ClasspathResourceLoader : initialization starting.
2021-09-01 10:32:45,399 - ClasspathResourceLoader : initialization complete.
2021-09-01 10:32:45,401 - ResourceCache : initialized. (class org.apache.velocity.runtime.resource.ResourceCacheImpl)
2021-09-01 10:32:45,401 - Default ResourceManager initialization complete.
2021-09-01 10:32:45,402 - Loaded System Directive: org.apache.velocity.runtime.directive.Literal
2021-09-01 10:32:45,403 - Loaded System Directive: org.apache.velocity.runtime.directive.Macro
2021-09-01 10:32:45,405 - Loaded System Directive: org.apache.velocity.runtime.directive.Parse
2021-09-01 10:32:45,406 - Loaded System Directive: org.apache.velocity.runtime.directive.Include
2021-09-01 10:32:45,406 - Loaded System Directive: org.apache.velocity.runtime.directive.Foreach
2021-09-01 10:32:45,424 - Created: 20 parsers.
2021-09-01 10:32:45,428 - Velocimacro : initialization starting.
2021-09-01 10:32:45,428 - Velocimacro : adding VMs from VM library template : VM_global_library.vm
2021-09-01 10:32:45,430 - ResourceManager : unable to find resource 'VM_global_library.vm' in any resource loader.
2021-09-01 10:32:45,430 - Velocimacro : error using  VM library template VM_global_library.vm : org.apache.velocity.exception.ResourceNotFoundException: Unable to find resource 'VM_global_library.vm'
2021-09-01 10:32:45,430 - Velocimacro :  VM library template macro registration complete.
2021-09-01 10:32:45,430 - Velocimacro : allowInline = true : VMs can be defined inline in templates
2021-09-01 10:32:45,430 - Velocimacro : allowInlineToOverride = false : VMs defined inline may NOT replace previous VM definitions
2021-09-01 10:32:45,430 - Velocimacro : allowInlineLocal = false : VMs defined inline will be  global in scope if allowed.
2021-09-01 10:32:45,430 - Velocimacro : messages on  : VM system will output logging messages
2021-09-01 10:32:45,430 - Velocimacro : autoload off  : VM system will not automatically reload global library macros
2021-09-01 10:32:45,430 - Velocimacro : initialization complete.
2021-09-01 10:32:45,430 - Velocity successfully started.
2021-09-01 10:34:31,316 - ResourceManager : found repast/simphony/parameter/parameters.vt with loader org.apache.velocity.runtime.resource.loader.ClasspathResourceLoader
2021-09-01 10:49:27,638 - SimpleLog4JLogSystem initialized using logfile 'velocity.log'
2021-09-01 10:49:27,638 - ************************************************************** 
2021-09-01 10:49:27,638 - Starting Jakarta Velocity v1.4
2021-09-01 10:49:27,638 - RuntimeInstance initializing.
2021-09-01 10:49:27,638 - Default Properties File: org\apache\velocity\runtime\defaults\velocity.properties
2021-09-01 10:49:27,638 - Trying to use logger class org.apache.velocity.runtime.log.SimpleLog4JLogSystem
2021-09-01 10:49:27,638 - Using logger class org.apache.velocity.runtime.log.SimpleLog4JLogSystem
2021-09-01 10:49:27,640 - Default ResourceManager initializing. (class org.apache.velocity.runtime.resource.ResourceManagerImpl)
2021-09-01 10:49:27,641 - Resource Loader Instantiated: org.apache.velocity.runtime.resource.loader.ClasspathResourceLoader
2021-09-01 10:49:27,641 - ClasspathResourceLoader : initialization starting.
2021-09-01 10:49:27,641 - ClasspathResourceLoader : initialization complete.
2021-09-01 10:49:27,642 - ResourceCache : initialized. (class org.apache.velocity.runtime.resource.ResourceCacheImpl)
2021-09-01 10:49:27,642 - Default ResourceManager initialization complete.
2021-09-01 10:49:27,643 - Loaded System Directive: org.apache.velocity.runtime.directive.Literal
2021-09-01 10:49:27,645 - Loaded System Directive: org.apache.velocity.runtime.directive.Macro
2021-09-01 10:49:27,646 - Loaded System Directive: org.apache.velocity.runtime.directive.Parse
2021-09-01 10:49:27,647 - Loaded System Directive: org.apache.velocity.runtime.directive.Include
2021-09-01 10:49:27,648 - Loaded System Directive: org.apache.velocity.runtime.directive.Foreach
2021-09-01 10:49:27,663 - Created: 20 parsers.
2021-09-01 10:49:27,667 - Velocimacro : initialization starting.
2021-09-01 10:49:27,667 - Velocimacro : adding VMs from VM library template : VM_global_library.vm
2021-09-01 10:49:27,669 - ResourceManager : unable to find resource 'VM_global_library.vm' in any resource loader.
2021-09-01 10:49:27,670 - Velocimacro : error using  VM library template VM_global_library.vm : org.apache.velocity.exception.ResourceNotFoundException: Unable to find resource 'VM_global_library.vm'
2021-09-01 10:49:27,670 - Velocimacro :  VM library template macro registration complete.
2021-09-01 10:49:27,670 - Velocimacro : allowInline = true : VMs can be defined inline in templates
2021-09-01 10:49:27,670 - Velocimacro : allowInlineToOverride = false : VMs defined inline may NOT replace previous VM definitions
2021-09-01 10:49:27,670 - Velocimacro : allowInlineLocal = false : VMs defined inline will be  global in scope if allowed.
2021-09-01 10:49:27,670 - Velocimacro : messages on  : VM system will output logging messages
2021-09-01 10:49:27,670 - Velocimacro : autoload off  : VM system will not automatically reload global library macros
2021-09-01 10:49:27,670 - Velocimacro : initialization complete.
2021-09-01 10:49:27,670 - Velocity successfully started.
2021-09-01 10:52:17,509 - SimpleLog4JLogSystem initialized using logfile 'velocity.log'
2021-09-01 10:52:17,510 - ************************************************************** 
2021-09-01 10:52:17,510 - Starting Jakarta Velocity v1.4
2021-09-01 10:52:17,510 - RuntimeInstance initializing.
2021-09-01 10:52:17,510 - Default Properties File: org\apache\velocity\runtime\defaults\velocity.properties
2021-09-01 10:52:17,510 - Trying to use logger class org.apache.velocity.runtime.log.SimpleLog4JLogSystem
2021-09-01 10:52:17,510 - Using logger class org.apache.velocity.runtime.log.SimpleLog4JLogSystem
2021-09-01 10:52:17,512 - Default ResourceManager initializing. (class org.apache.velocity.runtime.resource.ResourceManagerImpl)
2021-09-01 10:52:17,513 - Resource Loader Instantiated: org.apache.velocity.runtime.resource.loader.ClasspathResourceLoader
2021-09-01 10:52:17,513 - ClasspathResourceLoader : initialization starting.
2021-09-01 10:52:17,513 - ClasspathResourceLoader : initialization complete.
2021-09-01 10:52:17,514 - ResourceCache : initialized. (class org.apache.velocity.runtime.resource.ResourceCacheImpl)
2021-09-01 10:52:17,514 - Default ResourceManager initialization complete.
2021-09-01 10:52:17,515 - Loaded System Directive: org.apache.velocity.runtime.directive.Literal
2021-09-01 10:52:17,516 - Loaded System Directive: org.apache.velocity.runtime.directive.Macro
2021-09-01 10:52:17,518 - Loaded System Directive: org.apache.velocity.runtime.directive.Parse
2021-09-01 10:52:17,519 - Loaded System Directive: org.apache.velocity.runtime.directive.Include
2021-09-01 10:52:17,519 - Loaded System Directive: org.apache.velocity.runtime.directive.Foreach
2021-09-01 10:52:17,535 - Created: 20 parsers.
2021-09-01 10:52:17,539 - Velocimacro : initialization starting.
2021-09-01 10:52:17,539 - Velocimacro : adding VMs from VM library template : VM_global_library.vm
2021-09-01 10:52:17,541 - ResourceManager : unable to find resource 'VM_global_library.vm' in any resource loader.
2021-09-01 10:52:17,541 - Velocimacro : error using  VM library template VM_global_library.vm : org.apache.velocity.exception.ResourceNotFoundException: Unable to find resource 'VM_global_library.vm'
2021-09-01 10:52:17,541 - Velocimacro :  VM library template macro registration complete.
2021-09-01 10:52:17,541 - Velocimacro : allowInline = true : VMs can be defined inline in templates
2021-09-01 10:52:17,541 - Velocimacro : allowInlineToOverride = false : VMs defined inline may NOT replace previous VM definitions
2021-09-01 10:52:17,541 - Velocimacro : allowInlineLocal = false : VMs defined inline will be  global in scope if allowed.
2021-09-01 10:52:17,541 - Velocimacro : messages on  : VM system will output logging messages
2021-09-01 10:52:17,541 - Velocimacro : autoload off  : VM system will not automatically reload global library macros
2021-09-01 10:52:17,541 - Velocimacro : initialization complete.
2021-09-01 10:52:17,541 - Velocity successfully started.
2021-09-01 10:54:33,150 - SimpleLog4JLogSystem initialized using logfile 'velocity.log'
2021-09-01 10:54:33,150 - ************************************************************** 
2021-09-01 10:54:33,150 - Starting Jakarta Velocity v1.4
2021-09-01 10:54:33,150 - RuntimeInstance initializing.
2021-09-01 10:54:33,150 - Default Properties File: org\apache\velocity\runtime\defaults\velocity.properties
2021-09-01 10:54:33,150 - Trying to use logger class org.apache.velocity.runtime.log.SimpleLog4JLogSystem
2021-09-01 10:54:33,150 - Using logger class org.apache.velocity.runtime.log.SimpleLog4JLogSystem
2021-09-01 10:54:33,152 - Default ResourceManager initializing. (class org.apache.velocity.runtime.resource.ResourceManagerImpl)
2021-09-01 10:54:33,153 - Resource Loader Instantiated: org.apache.velocity.runtime.resource.loader.ClasspathResourceLoader
2021-09-01 10:54:33,153 - ClasspathResourceLoader : initialization starting.
2021-09-01 10:54:33,153 - ClasspathResourceLoader : initialization complete.
2021-09-01 10:54:33,154 - ResourceCache : initialized. (class org.apache.velocity.runtime.resource.ResourceCacheImpl)
2021-09-01 10:54:33,154 - Default ResourceManager initialization complete.
2021-09-01 10:54:33,155 - Loaded System Directive: org.apache.velocity.runtime.directive.Literal
2021-09-01 10:54:33,156 - Loaded System Directive: org.apache.velocity.runtime.directive.Macro
2021-09-01 10:54:33,158 - Loaded System Directive: org.apache.velocity.runtime.directive.Parse
2021-09-01 10:54:33,159 - Loaded System Directive: org.apache.velocity.runtime.directive.Include
2021-09-01 10:54:33,159 - Loaded System Directive: org.apache.velocity.runtime.directive.Foreach
2021-09-01 10:54:33,174 - Created: 20 parsers.
2021-09-01 10:54:33,178 - Velocimacro : initialization starting.
2021-09-01 10:54:33,178 - Velocimacro : adding VMs from VM library template : VM_global_library.vm
2021-09-01 10:54:33,180 - ResourceManager : unable to find resource 'VM_global_library.vm' in any resource loader.
2021-09-01 10:54:33,180 - Velocimacro : error using  VM library template VM_global_library.vm : org.apache.velocity.exception.ResourceNotFoundException: Unable to find resource 'VM_global_library.vm'
2021-09-01 10:54:33,180 - Velocimacro :  VM library template macro registration complete.
2021-09-01 10:54:33,180 - Velocimacro : allowInline = true : VMs can be defined inline in templates
2021-09-01 10:54:33,180 - Velocimacro : allowInlineToOverride = false : VMs defined inline may NOT replace previous VM definitions
2021-09-01 10:54:33,180 - Velocimacro : allowInlineLocal = false : VMs defined inline will be  global in scope if allowed.
2021-09-01 10:54:33,180 - Velocimacro : messages on  : VM system will output logging messages
2021-09-01 10:54:33,180 - Velocimacro : autoload off  : VM system will not automatically reload global library macros
2021-09-01 10:54:33,181 - Velocimacro : initialization complete.
2021-09-01 10:54:33,181 - Velocity successfully started.
2021-09-01 13:02:36,423 - SimpleLog4JLogSystem initialized using logfile 'velocity.log'
2021-09-01 13:02:36,424 - ************************************************************** 
2021-09-01 13:02:36,424 - Starting Jakarta Velocity v1.4
2021-09-01 13:02:36,424 - RuntimeInstance initializing.
2021-09-01 13:02:36,424 - Default Properties File: org\apache\velocity\runtime\defaults\velocity.properties
2021-09-01 13:02:36,424 - Trying to use logger class org.apache.velocity.runtime.log.SimpleLog4JLogSystem
2021-09-01 13:02:36,424 - Using logger class org.apache.velocity.runtime.log.SimpleLog4JLogSystem
2021-09-01 13:02:36,425 - Default ResourceManager initializing. (class org.apache.velocity.runtime.resource.ResourceManagerImpl)
2021-09-01 13:02:36,427 - Resource Loader Instantiated: org.apache.velocity.runtime.resource.loader.ClasspathResourceLoader
2021-09-01 13:02:36,427 - ClasspathResourceLoader : initialization starting.
2021-09-01 13:02:36,427 - ClasspathResourceLoader : initialization complete.
2021-09-01 13:02:36,428 - ResourceCache : initialized. (class org.apache.velocity.runtime.resource.ResourceCacheImpl)
2021-09-01 13:02:36,428 - Default ResourceManager initialization complete.
2021-09-01 13:02:36,429 - Loaded System Directive: org.apache.velocity.runtime.directive.Literal
2021-09-01 13:02:36,430 - Loaded System Directive: org.apache.velocity.runtime.directive.Macro
2021-09-01 13:02:36,432 - Loaded System Directive: org.apache.velocity.runtime.directive.Parse
2021-09-01 13:02:36,433 - Loaded System Directive: org.apache.velocity.runtime.directive.Include
2021-09-01 13:02:36,433 - Loaded System Directive: org.apache.velocity.runtime.directive.Foreach
2021-09-01 13:02:36,449 - Created: 20 parsers.
2021-09-01 13:02:36,453 - Velocimacro : initialization starting.
2021-09-01 13:02:36,453 - Velocimacro : adding VMs from VM library template : VM_global_library.vm
2021-09-01 13:02:36,455 - ResourceManager : unable to find resource 'VM_global_library.vm' in any resource loader.
2021-09-01 13:02:36,455 - Velocimacro : error using  VM library template VM_global_library.vm : org.apache.velocity.exception.ResourceNotFoundException: Unable to find resource 'VM_global_library.vm'
2021-09-01 13:02:36,455 - Velocimacro :  VM library template macro registration complete.
2021-09-01 13:02:36,455 - Velocimacro : allowInline = true : VMs can be defined inline in templates
2021-09-01 13:02:36,455 - Velocimacro : allowInlineToOverride = false : VMs defined inline may NOT replace previous VM definitions
2021-09-01 13:02:36,456 - Velocimacro : allowInlineLocal = false : VMs defined inline will be  global in scope if allowed.
2021-09-01 13:02:36,456 - Velocimacro : messages on  : VM system will output logging messages
2021-09-01 13:02:36,456 - Velocimacro : autoload off  : VM system will not automatically reload global library macros
2021-09-01 13:02:36,456 - Velocimacro : initialization complete.
2021-09-01 13:02:36,456 - Velocity successfully started.
2021-09-01 13:03:38,503 - ResourceManager : found repast/simphony/scenario/Scenario.vt with loader org.apache.velocity.runtime.resource.loader.ClasspathResourceLoader
2021-09-01 13:04:26,947 - SimpleLog4JLogSystem initialized using logfile 'velocity.log'
2021-09-01 13:04:26,947 - ************************************************************** 
2021-09-01 13:04:26,947 - Starting Jakarta Velocity v1.4
2021-09-01 13:04:26,947 - RuntimeInstance initializing.
2021-09-01 13:04:26,947 - Default Properties File: org\apache\velocity\runtime\defaults\velocity.properties
2021-09-01 13:04:26,947 - Trying to use logger class org.apache.velocity.runtime.log.SimpleLog4JLogSystem
2021-09-01 13:04:26,947 - Using logger class org.apache.velocity.runtime.log.SimpleLog4JLogSystem
2021-09-01 13:04:26,949 - Default ResourceManager initializing. (class org.apache.velocity.runtime.resource.ResourceManagerImpl)
2021-09-01 13:04:26,950 - Resource Loader Instantiated: org.apache.velocity.runtime.resource.loader.ClasspathResourceLoader
2021-09-01 13:04:26,950 - ClasspathResourceLoader : initialization starting.
2021-09-01 13:04:26,950 - ClasspathResourceLoader : initialization complete.
2021-09-01 13:04:26,951 - ResourceCache : initialized. (class org.apache.velocity.runtime.resource.ResourceCacheImpl)
2021-09-01 13:04:26,951 - Default ResourceManager initialization complete.
2021-09-01 13:04:26,952 - Loaded System Directive: org.apache.velocity.runtime.directive.Literal
2021-09-01 13:04:26,953 - Loaded System Directive: org.apache.velocity.runtime.directive.Macro
2021-09-01 13:04:26,955 - Loaded System Directive: org.apache.velocity.runtime.directive.Parse
2021-09-01 13:04:26,956 - Loaded System Directive: org.apache.velocity.runtime.directive.Include
2021-09-01 13:04:26,956 - Loaded System Directive: org.apache.velocity.runtime.directive.Foreach
2021-09-01 13:04:26,973 - Created: 20 parsers.
2021-09-01 13:04:26,977 - Velocimacro : initialization starting.
2021-09-01 13:04:26,978 - Velocimacro : adding VMs from VM library template : VM_global_library.vm
2021-09-01 13:04:26,980 - ResourceManager : unable to find resource 'VM_global_library.vm' in any resource loader.
2021-09-01 13:04:26,980 - Velocimacro : error using  VM library template VM_global_library.vm : org.apache.velocity.exception.ResourceNotFoundException: Unable to find resource 'VM_global_library.vm'
2021-09-01 13:04:26,980 - Velocimacro :  VM library template macro registration complete.
2021-09-01 13:04:26,980 - Velocimacro : allowInline = true : VMs can be defined inline in templates
2021-09-01 13:04:26,980 - Velocimacro : allowInlineToOverride = false : VMs defined inline may NOT replace previous VM definitions
2021-09-01 13:04:26,980 - Velocimacro : allowInlineLocal = false : VMs defined inline will be  global in scope if allowed.
2021-09-01 13:04:26,980 - Velocimacro : messages on  : VM system will output logging messages
2021-09-01 13:04:26,980 - Velocimacro : autoload off  : VM system will not automatically reload global library macros
2021-09-01 13:04:26,980 - Velocimacro : initialization complete.
2021-09-01 13:04:26,980 - Velocity successfully started.
2021-09-01 13:08:05,526 - ResourceManager : found repast/simphony/scenario/Scenario.vt with loader org.apache.velocity.runtime.resource.loader.ClasspathResourceLoader
2021-09-01 13:09:35,054 - SimpleLog4JLogSystem initialized using logfile 'velocity.log'
2021-09-01 13:09:35,054 - ************************************************************** 
2021-09-01 13:09:35,054 - Starting Jakarta Velocity v1.4
2021-09-01 13:09:35,055 - RuntimeInstance initializing.
2021-09-01 13:09:35,055 - Default Properties File: org\apache\velocity\runtime\defaults\velocity.properties
2021-09-01 13:09:35,055 - Trying to use logger class org.apache.velocity.runtime.log.SimpleLog4JLogSystem
2021-09-01 13:09:35,055 - Using logger class org.apache.velocity.runtime.log.SimpleLog4JLogSystem
2021-09-01 13:09:35,056 - Default ResourceManager initializing. (class org.apache.velocity.runtime.resource.ResourceManagerImpl)
2021-09-01 13:09:35,058 - Resource Loader Instantiated: org.apache.velocity.runtime.resource.loader.ClasspathResourceLoader
2021-09-01 13:09:35,058 - ClasspathResourceLoader : initialization starting.
2021-09-01 13:09:35,058 - ClasspathResourceLoader : initialization complete.
2021-09-01 13:09:35,059 - ResourceCache : initialized. (class org.apache.velocity.runtime.resource.ResourceCacheImpl)
2021-09-01 13:09:35,059 - Default ResourceManager initialization complete.
2021-09-01 13:09:35,060 - Loaded System Directive: org.apache.velocity.runtime.directive.Literal
2021-09-01 13:09:35,061 - Loaded System Directive: org.apache.velocity.runtime.directive.Macro
2021-09-01 13:09:35,062 - Loaded System Directive: org.apache.velocity.runtime.directive.Parse
2021-09-01 13:09:35,063 - Loaded System Directive: org.apache.velocity.runtime.directive.Include
2021-09-01 13:09:35,064 - Loaded System Directive: org.apache.velocity.runtime.directive.Foreach
2021-09-01 13:09:35,079 - Created: 20 parsers.
2021-09-01 13:09:35,083 - Velocimacro : initialization starting.
2021-09-01 13:09:35,083 - Velocimacro : adding VMs from VM library template : VM_global_library.vm
2021-09-01 13:09:35,085 - ResourceManager : unable to find resource 'VM_global_library.vm' in any resource loader.
2021-09-01 13:09:35,085 - Velocimacro : error using  VM library template VM_global_library.vm : org.apache.velocity.exception.ResourceNotFoundException: Unable to find resource 'VM_global_library.vm'
2021-09-01 13:09:35,085 - Velocimacro :  VM library template macro registration complete.
2021-09-01 13:09:35,085 - Velocimacro : allowInline = true : VMs can be defined inline in templates
2021-09-01 13:09:35,085 - Velocimacro : allowInlineToOverride = false : VMs defined inline may NOT replace previous VM definitions
2021-09-01 13:09:35,085 - Velocimacro : allowInlineLocal = false : VMs defined inline will be  global in scope if allowed.
2021-09-01 13:09:35,085 - Velocimacro : messages on  : VM system will output logging messages
2021-09-01 13:09:35,085 - Velocimacro : autoload off  : VM system will not automatically reload global library macros
2021-09-01 13:09:35,085 - Velocimacro : initialization complete.
2021-09-01 13:09:35,085 - Velocity successfully started.
2021-09-01 13:11:22,037 - SimpleLog4JLogSystem initialized using logfile 'velocity.log'
2021-09-01 13:11:22,037 - ************************************************************** 
2021-09-01 13:11:22,037 - Starting Jakarta Velocity v1.4
2021-09-01 13:11:22,037 - RuntimeInstance initializing.
2021-09-01 13:11:22,037 - Default Properties File: org\apache\velocity\runtime\defaults\velocity.properties
2021-09-01 13:11:22,037 - Trying to use logger class org.apache.velocity.runtime.log.SimpleLog4JLogSystem
2021-09-01 13:11:22,037 - Using logger class org.apache.velocity.runtime.log.SimpleLog4JLogSystem
2021-09-01 13:11:22,039 - Default ResourceManager initializing. (class org.apache.velocity.runtime.resource.ResourceManagerImpl)
2021-09-01 13:11:22,040 - Resource Loader Instantiated: org.apache.velocity.runtime.resource.loader.ClasspathResourceLoader
2021-09-01 13:11:22,040 - ClasspathResourceLoader : initialization starting.
2021-09-01 13:11:22,040 - ClasspathResourceLoader : initialization complete.
2021-09-01 13:11:22,041 - ResourceCache : initialized. (class org.apache.velocity.runtime.resource.ResourceCacheImpl)
2021-09-01 13:11:22,041 - Default ResourceManager initialization complete.
2021-09-01 13:11:22,042 - Loaded System Directive: org.apache.velocity.runtime.directive.Literal
2021-09-01 13:11:22,044 - Loaded System Directive: org.apache.velocity.runtime.directive.Macro
2021-09-01 13:11:22,045 - Loaded System Directive: org.apache.velocity.runtime.directive.Parse
2021-09-01 13:11:22,046 - Loaded System Directive: org.apache.velocity.runtime.directive.Include
2021-09-01 13:11:22,047 - Loaded System Directive: org.apache.velocity.runtime.directive.Foreach
2021-09-01 13:11:22,062 - Created: 20 parsers.
2021-09-01 13:11:22,066 - Velocimacro : initialization starting.
2021-09-01 13:11:22,066 - Velocimacro : adding VMs from VM library template : VM_global_library.vm
2021-09-01 13:11:22,068 - ResourceManager : unable to find resource 'VM_global_library.vm' in any resource loader.
2021-09-01 13:11:22,068 - Velocimacro : error using  VM library template VM_global_library.vm : org.apache.velocity.exception.ResourceNotFoundException: Unable to find resource 'VM_global_library.vm'
2021-09-01 13:11:22,068 - Velocimacro :  VM library template macro registration complete.
2021-09-01 13:11:22,068 - Velocimacro : allowInline = true : VMs can be defined inline in templates
2021-09-01 13:11:22,068 - Velocimacro : allowInlineToOverride = false : VMs defined inline may NOT replace previous VM definitions
2021-09-01 13:11:22,068 - Velocimacro : allowInlineLocal = false : VMs defined inline will be  global in scope if allowed.
2021-09-01 13:11:22,068 - Velocimacro : messages on  : VM system will output logging messages
2021-09-01 13:11:22,068 - Velocimacro : autoload off  : VM system will not automatically reload global library macros
2021-09-01 13:11:22,068 - Velocimacro : initialization complete.
2021-09-01 13:11:22,068 - Velocity successfully started.
2021-09-01 13:12:40,517 - SimpleLog4JLogSystem initialized using logfile 'velocity.log'
2021-09-01 13:12:40,517 - ************************************************************** 
2021-09-01 13:12:40,517 - Starting Jakarta Velocity v1.4
2021-09-01 13:12:40,517 - RuntimeInstance initializing.
2021-09-01 13:12:40,517 - Default Properties File: org\apache\velocity\runtime\defaults\velocity.properties
2021-09-01 13:12:40,517 - Trying to use logger class org.apache.velocity.runtime.log.SimpleLog4JLogSystem
2021-09-01 13:12:40,517 - Using logger class org.apache.velocity.runtime.log.SimpleLog4JLogSystem
2021-09-01 13:12:40,519 - Default ResourceManager initializing. (class org.apache.velocity.runtime.resource.ResourceManagerImpl)
2021-09-01 13:12:40,520 - Resource Loader Instantiated: org.apache.velocity.runtime.resource.loader.ClasspathResourceLoader
2021-09-01 13:12:40,520 - ClasspathResourceLoader : initialization starting.
2021-09-01 13:12:40,520 - ClasspathResourceLoader : initialization complete.
2021-09-01 13:12:40,521 - ResourceCache : initialized. (class org.apache.velocity.runtime.resource.ResourceCacheImpl)
2021-09-01 13:12:40,521 - Default ResourceManager initialization complete.
2021-09-01 13:12:40,522 - Loaded System Directive: org.apache.velocity.runtime.directive.Literal
2021-09-01 13:12:40,523 - Loaded System Directive: org.apache.velocity.runtime.directive.Macro
2021-09-01 13:12:40,525 - Loaded System Directive: org.apache.velocity.runtime.directive.Parse
2021-09-01 13:12:40,526 - Loaded System Directive: org.apache.velocity.runtime.directive.Include
2021-09-01 13:12:40,526 - Loaded System Directive: org.apache.velocity.runtime.directive.Foreach
2021-09-01 13:12:40,542 - Created: 20 parsers.
2021-09-01 13:12:40,547 - Velocimacro : initialization starting.
2021-09-01 13:12:40,547 - Velocimacro : adding VMs from VM library template : VM_global_library.vm
2021-09-01 13:12:40,549 - ResourceManager : unable to find resource 'VM_global_library.vm' in any resource loader.
2021-09-01 13:12:40,549 - Velocimacro : error using  VM library template VM_global_library.vm : org.apache.velocity.exception.ResourceNotFoundException: Unable to find resource 'VM_global_library.vm'
2021-09-01 13:12:40,549 - Velocimacro :  VM library template macro registration complete.
2021-09-01 13:12:40,549 - Velocimacro : allowInline = true : VMs can be defined inline in templates
2021-09-01 13:12:40,549 - Velocimacro : allowInlineToOverride = false : VMs defined inline may NOT replace previous VM definitions
2021-09-01 13:12:40,549 - Velocimacro : allowInlineLocal = false : VMs defined inline will be  global in scope if allowed.
2021-09-01 13:12:40,549 - Velocimacro : messages on  : VM system will output logging messages
2021-09-01 13:12:40,549 - Velocimacro : autoload off  : VM system will not automatically reload global library macros
2021-09-01 13:12:40,549 - Velocimacro : initialization complete.
2021-09-01 13:12:40,549 - Velocity successfully started.
2021-09-01 15:48:21,031 - SimpleLog4JLogSystem initialized using logfile 'velocity.log'
2021-09-01 15:48:21,031 - ************************************************************** 
2021-09-01 15:48:21,031 - Starting Jakarta Velocity v1.4
2021-09-01 15:48:21,031 - RuntimeInstance initializing.
2021-09-01 15:48:21,032 - Default Properties File: org\apache\velocity\runtime\defaults\velocity.properties
2021-09-01 15:48:21,032 - Trying to use logger class org.apache.velocity.runtime.log.SimpleLog4JLogSystem
2021-09-01 15:48:21,032 - Using logger class org.apache.velocity.runtime.log.SimpleLog4JLogSystem
2021-09-01 15:48:21,033 - Default ResourceManager initializing. (class org.apache.velocity.runtime.resource.ResourceManagerImpl)
2021-09-01 15:48:21,035 - Resource Loader Instantiated: org.apache.velocity.runtime.resource.loader.ClasspathResourceLoader
2021-09-01 15:48:21,035 - ClasspathResourceLoader : initialization starting.
2021-09-01 15:48:21,035 - ClasspathResourceLoader : initialization complete.
2021-09-01 15:48:21,036 - ResourceCache : initialized. (class org.apache.velocity.runtime.resource.ResourceCacheImpl)
2021-09-01 15:48:21,036 - Default ResourceManager initialization complete.
2021-09-01 15:48:21,037 - Loaded System Directive: org.apache.velocity.runtime.directive.Literal
2021-09-01 15:48:21,038 - Loaded System Directive: org.apache.velocity.runtime.directive.Macro
2021-09-01 15:48:21,040 - Loaded System Directive: org.apache.velocity.runtime.directive.Parse
2021-09-01 15:48:21,041 - Loaded System Directive: org.apache.velocity.runtime.directive.Include
2021-09-01 15:48:21,041 - Loaded System Directive: org.apache.velocity.runtime.directive.Foreach
2021-09-01 15:48:21,057 - Created: 20 parsers.
2021-09-01 15:48:21,060 - Velocimacro : initialization starting.
2021-09-01 15:48:21,061 - Velocimacro : adding VMs from VM library template : VM_global_library.vm
2021-09-01 15:48:21,063 - ResourceManager : unable to find resource 'VM_global_library.vm' in any resource loader.
2021-09-01 15:48:21,063 - Velocimacro : error using  VM library template VM_global_library.vm : org.apache.velocity.exception.ResourceNotFoundException: Unable to find resource 'VM_global_library.vm'
2021-09-01 15:48:21,063 - Velocimacro :  VM library template macro registration complete.
2021-09-01 15:48:21,063 - Velocimacro : allowInline = true : VMs can be defined inline in templates
2021-09-01 15:48:21,063 - Velocimacro : allowInlineToOverride = false : VMs defined inline may NOT replace previous VM definitions
2021-09-01 15:48:21,063 - Velocimacro : allowInlineLocal = false : VMs defined inline will be  global in scope if allowed.
2021-09-01 15:48:21,063 - Velocimacro : messages on  : VM system will output logging messages
2021-09-01 15:48:21,063 - Velocimacro : autoload off  : VM system will not automatically reload global library macros
2021-09-01 15:48:21,063 - Velocimacro : initialization complete.
2021-09-01 15:48:21,063 - Velocity successfully started.
2021-09-02 15:23:40,438 - SimpleLog4JLogSystem initialized using logfile 'velocity.log'
2021-09-02 15:23:40,439 - ************************************************************** 
2021-09-02 15:23:40,439 - Starting Jakarta Velocity v1.4
2021-09-02 15:23:40,439 - RuntimeInstance initializing.
2021-09-02 15:23:40,439 - Default Properties File: org\apache\velocity\runtime\defaults\velocity.properties
2021-09-02 15:23:40,439 - Trying to use logger class org.apache.velocity.runtime.log.SimpleLog4JLogSystem
2021-09-02 15:23:40,439 - Using logger class org.apache.velocity.runtime.log.SimpleLog4JLogSystem
2021-09-02 15:23:40,442 - Default ResourceManager initializing. (class org.apache.velocity.runtime.resource.ResourceManagerImpl)
2021-09-02 15:23:40,444 - Resource Loader Instantiated: org.apache.velocity.runtime.resource.loader.ClasspathResourceLoader
2021-09-02 15:23:40,445 - ClasspathResourceLoader : initialization starting.
2021-09-02 15:23:40,445 - ClasspathResourceLoader : initialization complete.
2021-09-02 15:23:40,446 - ResourceCache : initialized. (class org.apache.velocity.runtime.resource.ResourceCacheImpl)
2021-09-02 15:23:40,446 - Default ResourceManager initialization complete.
2021-09-02 15:23:40,448 - Loaded System Directive: org.apache.velocity.runtime.directive.Literal
2021-09-02 15:23:40,450 - Loaded System Directive: org.apache.velocity.runtime.directive.Macro
2021-09-02 15:23:40,452 - Loaded System Directive: org.apache.velocity.runtime.directive.Parse
2021-09-02 15:23:40,454 - Loaded System Directive: org.apache.velocity.runtime.directive.Include
2021-09-02 15:23:40,455 - Loaded System Directive: org.apache.velocity.runtime.directive.Foreach
2021-09-02 15:23:40,487 - Created: 20 parsers.
2021-09-02 15:23:40,497 - Velocimacro : initialization starting.
2021-09-02 15:23:40,498 - Velocimacro : adding VMs from VM library template : VM_global_library.vm
2021-09-02 15:23:40,503 - ResourceManager : unable to find resource 'VM_global_library.vm' in any resource loader.
2021-09-02 15:23:40,503 - Velocimacro : error using  VM library template VM_global_library.vm : org.apache.velocity.exception.ResourceNotFoundException: Unable to find resource 'VM_global_library.vm'
2021-09-02 15:23:40,503 - Velocimacro :  VM library template macro registration complete.
2021-09-02 15:23:40,504 - Velocimacro : allowInline = true : VMs can be defined inline in templates
2021-09-02 15:23:40,504 - Velocimacro : allowInlineToOverride = false : VMs defined inline may NOT replace previous VM definitions
2021-09-02 15:23:40,504 - Velocimacro : allowInlineLocal = false : VMs defined inline will be  global in scope if allowed.
2021-09-02 15:23:40,504 - Velocimacro : messages on  : VM system will output logging messages
2021-09-02 15:23:40,504 - Velocimacro : autoload off  : VM system will not automatically reload global library macros
2021-09-02 15:23:40,504 - Velocimacro : initialization complete.
2021-09-02 15:23:40,504 - Velocity successfully started.
2021-09-02 15:27:35,560 - ResourceManager : found repast/simphony/scenario/Scenario.vt with loader org.apache.velocity.runtime.resource.loader.ClasspathResourceLoader
2021-09-02 15:28:27,193 - SimpleLog4JLogSystem initialized using logfile 'velocity.log'
2021-09-02 15:28:27,193 - ************************************************************** 
2021-09-02 15:28:27,193 - Starting Jakarta Velocity v1.4
2021-09-02 15:28:27,194 - RuntimeInstance initializing.
2021-09-02 15:28:27,194 - Default Properties File: org\apache\velocity\runtime\defaults\velocity.properties
2021-09-02 15:28:27,194 - Trying to use logger class org.apache.velocity.runtime.log.SimpleLog4JLogSystem
2021-09-02 15:28:27,194 - Using logger class org.apache.velocity.runtime.log.SimpleLog4JLogSystem
2021-09-02 15:28:27,196 - Default ResourceManager initializing. (class org.apache.velocity.runtime.resource.ResourceManagerImpl)
2021-09-02 15:28:27,199 - Resource Loader Instantiated: org.apache.velocity.runtime.resource.loader.ClasspathResourceLoader
2021-09-02 15:28:27,199 - ClasspathResourceLoader : initialization starting.
2021-09-02 15:28:27,199 - ClasspathResourceLoader : initialization complete.
2021-09-02 15:28:27,200 - ResourceCache : initialized. (class org.apache.velocity.runtime.resource.ResourceCacheImpl)
2021-09-02 15:28:27,200 - Default ResourceManager initialization complete.
2021-09-02 15:28:27,202 - Loaded System Directive: org.apache.velocity.runtime.directive.Literal
2021-09-02 15:28:27,204 - Loaded System Directive: org.apache.velocity.runtime.directive.Macro
2021-09-02 15:28:27,206 - Loaded System Directive: org.apache.velocity.runtime.directive.Parse
2021-09-02 15:28:27,208 - Loaded System Directive: org.apache.velocity.runtime.directive.Include
2021-09-02 15:28:27,208 - Loaded System Directive: org.apache.velocity.runtime.directive.Foreach
2021-09-02 15:28:27,233 - Created: 20 parsers.
2021-09-02 15:28:27,238 - Velocimacro : initialization starting.
2021-09-02 15:28:27,239 - Velocimacro : adding VMs from VM library template : VM_global_library.vm
2021-09-02 15:28:27,242 - ResourceManager : unable to find resource 'VM_global_library.vm' in any resource loader.
2021-09-02 15:28:27,242 - Velocimacro : error using  VM library template VM_global_library.vm : org.apache.velocity.exception.ResourceNotFoundException: Unable to find resource 'VM_global_library.vm'
2021-09-02 15:28:27,242 - Velocimacro :  VM library template macro registration complete.
2021-09-02 15:28:27,242 - Velocimacro : allowInline = true : VMs can be defined inline in templates
2021-09-02 15:28:27,242 - Velocimacro : allowInlineToOverride = false : VMs defined inline may NOT replace previous VM definitions
2021-09-02 15:28:27,242 - Velocimacro : allowInlineLocal = false : VMs defined inline will be  global in scope if allowed.
2021-09-02 15:28:27,242 - Velocimacro : messages on  : VM system will output logging messages
2021-09-02 15:28:27,242 - Velocimacro : autoload off  : VM system will not automatically reload global library macros
2021-09-02 15:28:27,242 - Velocimacro : initialization complete.
2021-09-02 15:28:27,242 - Velocity successfully started.
